app.js
bin
graph.js
graph.xml
lssocket.js
models
node_modules
npm-debug.log
out.log
package.json
public
routes
views
app.js
bin
graph.js
graph.xml
lssocket.js
models
node_modules
npm-debug.log
out.log
package.json
public
routes
views
graphschema.js
total 60
-rw-rw-r--  1 mrugani mrugani  2230 Apr 17 13:31 app.js
drwxr-xr-x  2 mrugani mrugani  4096 Apr 10 19:29 bin
-rw-rw-r--  1 mrugani mrugani  1638 Apr 17 11:56 graph.js
-rw-rw-r--  1 mrugani mrugani   308 Apr 17 13:21 graph.xml
-rw-rw-r--  1 mrugani mrugani   477 Apr 14 03:33 lssocket.js
drwxrwxr-x  2 mrugani mrugani  4096 Apr 17 04:02 models
drwxr-xr-x 13 mrugani mrugani  4096 Apr 17 03:20 node_modules
-rw-r--r--  1 root    root    11397 Apr 17 13:27 npm-debug.log
-rw-rw-r--  1 mrugani mrugani   249 Apr 17 13:31 out.log
-rw-rw-r--  1 mrugani mrugani   440 Apr 17 13:27 package.json
drwxr-xr-x  5 mrugani mrugani  4096 Apr 10 19:29 public
drwxr-xr-x  2 mrugani mrugani  4096 Apr 17 12:28 routes
drwxr-xr-x  2 mrugani mrugani  4096 Apr 10 19:29 views
